This is pdfTeX, Version 3.141592653-2.6-1.40.25 (TeX Live 2023) (preloaded format=pdflatex 2023.9.23)  26 SEP 2023 10:07
entering extended mode
 restricted \write18 enabled.
 file:line:error style messages enabled.
 %&-line parsing enabled.
**c:/Users/rjust/f2023/math578/a1/a1.tex
(c:/Users/rjust/f2023/math578/a1/a1.tex
LaTeX2e <2023-06-01> patch level 1
L3 programming layer <2023-08-29>
(c:/texlive/2023/texmf-dist/tex/latex/base/article.cls
Document Class: article 2023/05/17 v1.4n Standard LaTeX document class
(c:/texlive/2023/texmf-dist/tex/latex/base/size10.clo
File: size10.clo 2023/05/17 v1.4n Standard LaTeX file (size option)
)
\c@part=\count185
\c@section=\count186
\c@subsection=\count187
\c@subsubsection=\count188
\c@paragraph=\count189
\c@subparagraph=\count190
\c@figure=\count191
\c@table=\count192
\abovecaptionskip=\skip48
\belowcaptionskip=\skip49
\bibindent=\dimen140
) (c:/texlive/2023/texmf-dist/tex/latex/pdfpages/pdfpages.sty
Package: pdfpages 2022/12/19 v0.5x Insert pages of external PDF documents (AM)
 (c:/texlive/2023/texmf-dist/tex/latex/base/ifthen.sty
Package: ifthen 2022/04/13 v1.1d Standard LaTeX ifthen package (DPC)
) (c:/texlive/2023/texmf-dist/tex/latex/tools/calc.sty
Package: calc 2017/05/25 v4.3 Infix arithmetic (KKT,FJ)
\calc@Acount=\count193
\calc@Bcount=\count194
\calc@Adimen=\dimen141
\calc@Bdimen=\dimen142
\calc@Askip=\skip50
\calc@Bskip=\skip51
LaTeX Info: Redefining \setlength on input line 80.
LaTeX Info: Redefining \addtolength on input line 81.
\calc@Ccount=\count195
\calc@Cskip=\skip52
) (c:/texlive/2023/texmf-dist/tex/latex/eso-pic/eso-pic.sty
Package: eso-pic 2023/05/03 v3.0c eso-pic (RN)
\ESO@tempdima=\dimen143
\ESO@tempdimb=\dimen144
 (c:/texlive/2023/texmf-dist/tex/latex/graphics/keyval.sty
Package: keyval 2022/05/29 v1.15 key=value parser (DPC)
\KV@toks@=\toks17
) (c:/texlive/2023/texmf-dist/tex/latex/xcolor/xcolor.sty
Package: xcolor 2022/06/12 v2.14 LaTeX color extensions (UK)
 (c:/texlive/2023/texmf-dist/tex/latex/graphics-cfg/color.cfg
File: color.cfg 2016/01/02 v1.6 sample color configuration
)
Package xcolor Info: Driver file: pdftex.def on input line 227.
 (c:/texlive/2023/texmf-dist/tex/latex/graphics-def/pdftex.def
File: pdftex.def 2022/09/22 v1.2b Graphics/color driver for pdftex
) (c:/texlive/2023/texmf-dist/tex/latex/graphics/mathcolor.ltx)
Package xcolor Info: Model `cmy' substituted by `cmy0' on input line 1353.
Package xcolor Info: Model `hsb' substituted by `rgb' on input line 1357.
Package xcolor Info: Model `RGB' extended on input line 1369.
Package xcolor Info: Model `HTML' substituted by `rgb' on input line 1371.
Package xcolor Info: Model `Hsb' substituted by `hsb' on input line 1372.
Package xcolor Info: Model `tHsb' substituted by `hsb' on input line 1373.
Package xcolor Info: Model `HSB' substituted by `hsb' on input line 1374.
Package xcolor Info: Model `Gray' substituted by `gray' on input line 1375.
Package xcolor Info: Model `wave' substituted by `hsb' on input line 1376.
)) (c:/texlive/2023/texmf-dist/tex/latex/graphics/graphicx.sty
Package: graphicx 2021/09/16 v1.2d Enhanced LaTeX Graphics (DPC,SPQR)
 (c:/texlive/2023/texmf-dist/tex/latex/graphics/graphics.sty
Package: graphics 2022/03/10 v1.4e Standard LaTeX Graphics (DPC,SPQR)
 (c:/texlive/2023/texmf-dist/tex/latex/graphics/trig.sty
Package: trig 2021/08/11 v1.11 sin cos tan (DPC)
) (c:/texlive/2023/texmf-dist/tex/latex/graphics-cfg/graphics.cfg
File: graphics.cfg 2016/06/04 v1.11 sample graphics configuration
)
Package graphics Info: Driver file: pdftex.def on input line 107.
)
\Gin@req@height=\dimen145
\Gin@req@width=\dimen146
)
\AM@pagewidth=\dimen147
\AM@pageheight=\dimen148
\AM@fboxrule=\dimen149
 (c:/texlive/2023/texmf-dist/tex/latex/pdfpages/pppdftex.def
File: pppdftex.def 2022/12/19 v0.5x Pdfpages driver for pdfTeX (AM)
)
\pdfpages@includegraphics@status=\count196
\AM@pagebox=\box51
\AM@global@opts=\toks18
\AM@pagecnt=\count197
\AM@toc@title=\toks19
\AM@lof@heading=\toks20
\c@AM@survey=\count198
\AM@templatesizebox=\box52
) (c:/texlive/2023/texmf-dist/tex/latex/l3backend/l3backend-pdftex.def
File: l3backend-pdftex.def 2023-04-19 L3 backend support: PDF output (pdfTeX)
\l__color_backend_stack_int=\count199
\l__pdf_internal_box=\box53
) (./a1.aux)
\openout1 = `a1.aux'.

LaTeX Font Info:    Checking defaults for OML/cmm/m/it on input line 3.
LaTeX Font Info:    ... okay on input line 3.
LaTeX Font Info:    Checking defaults for OMS/cmsy/m/n on input line 3.
LaTeX Font Info:    ... okay on input line 3.
LaTeX Font Info:    Checking defaults for OT1/cmr/m/n on input line 3.
LaTeX Font Info:    ... okay on input line 3.
LaTeX Font Info:    Checking defaults for T1/cmr/m/n on input line 3.
LaTeX Font Info:    ... okay on input line 3.
LaTeX Font Info:    Checking defaults for TS1/cmr/m/n on input line 3.
LaTeX Font Info:    ... okay on input line 3.
LaTeX Font Info:    Checking defaults for OMX/cmex/m/n on input line 3.
LaTeX Font Info:    ... okay on input line 3.
LaTeX Font Info:    Checking defaults for U/cmr/m/n on input line 3.
LaTeX Font Info:    ... okay on input line 3.
 (c:/texlive/2023/texmf-dist/tex/context/base/mkii/supp-pdf.mkii
[Loading MPS to PDF converter (version 2006.09.02).]
\scratchcounter=\count266
\scratchdimen=\dimen150
\scratchbox=\box54
\nofMPsegments=\count267
\nofMParguments=\count268
\everyMPshowfont=\toks21
\MPscratchCnt=\count269
\MPscratchDim=\dimen151
\MPnumerator=\count270
\makeMPintoPDFobject=\count271
\everyMPtoPDFconversion=\toks22
) (c:/texlive/2023/texmf-dist/tex/latex/epstopdf-pkg/epstopdf-base.sty
Package: epstopdf-base 2020-01-24 v2.11 Base part for package epstopdf
Package epstopdf-base Info: Redefining graphics rule for `.eps' on input line 485.
 (c:/texlive/2023/texmf-dist/tex/latex/latexconfig/epstopdf-sys.cfg
File: epstopdf-sys.cfg 2010/07/13 v1.3 Configuration of (r)epstopdf for TeX Live
)) (c:/texlive/2023/texmf-dist/tex/latex/pdflscape/pdflscape.sty
Package: pdflscape 2022-10-27 v0.13 Display of landscape pages in PDF
 (c:/texlive/2023/texmf-dist/tex/latex/pdflscape/pdflscape-nometadata.sty
Package: pdflscape-nometadata 2022-10-28 v0.13 Display of landscape pages in PDF (HO)
 (c:/texlive/2023/texmf-dist/tex/generic/iftex/iftex.sty
Package: iftex 2022/02/03 v1.0f TeX engine tests
) (c:/texlive/2023/texmf-dist/tex/latex/graphics/lscape.sty
Package: lscape 2020/05/28 v3.02 Landscape Pages (DPC)
)
Package pdflscape Info: Auto-detected driver: pdftex on input line 81.
))

pdfTeX warning: pdflatex.exe (file ./a1_written.pdf): PDF inclusion: found PDF version <1.7>, but at most version <1.5> allowed
<a1_written.pdf, id=1, 614.295pt x 794.97pt>
File: a1_written.pdf Graphic file (type pdf)
<use a1_written.pdf>
Package pdftex.def Info: a1_written.pdf  used on input line 4.
(pdftex.def)             Requested size: 614.29349pt x 794.96806pt.


pdfTeX warning: pdflatex.exe (file ./a1_written.pdf): PDF inclusion: found PDF version <1.7>, but at most version <1.5> allowed
File: a1_written.pdf Graphic file (type pdf)
<use a1_written.pdf>
Package pdftex.def Info: a1_written.pdf  used on input line 4.
(pdftex.def)             Requested size: 614.29349pt x 794.96806pt.


pdfTeX warning: pdflatex.exe (file ./a1_written.pdf): PDF inclusion: found PDF version <1.7>, but at most version <1.5> allowed


pdfTeX warning: pdflatex.exe (file ./a1_written.pdf): PDF inclusion: found PDF version <1.7>, but at most version <1.5> allowed
<a1_written.pdf, id=4, page=1, 614.295pt x 794.97pt>
File: a1_written.pdf Graphic file (type pdf)
<use a1_written.pdf, page 1>
Package pdftex.def Info: a1_written.pdf , page1 used on input line 4.
(pdftex.def)             Requested size: 614.29349pt x 794.96806pt.
File: a1_written.pdf Graphic file (type pdf)
<use a1_written.pdf, page 1>
Package pdftex.def Info: a1_written.pdf , page1 used on input line 4.
(pdftex.def)             Requested size: 614.58406pt x 795.3441pt.
File: a1_written.pdf Graphic file (type pdf)
<use a1_written.pdf, page 1>
Package pdftex.def Info: a1_written.pdf , page1 used on input line 4.
(pdftex.def)             Requested size: 614.58406pt x 795.3441pt.
File: a1_written.pdf Graphic file (type pdf)
<use a1_written.pdf, page 1>
Package pdftex.def Info: a1_written.pdf , page1 used on input line 4.
(pdftex.def)             Requested size: 614.58406pt x 795.3441pt.
File: a1_written.pdf Graphic file (type pdf)
<use a1_written.pdf, page 1>
Package pdftex.def Info: a1_written.pdf , page1 used on input line 4.
(pdftex.def)             Requested size: 614.58406pt x 795.3441pt.
[1

 <./a1_written.pdf>]

pdfTeX warning: pdflatex.exe (file ./a1_written.pdf): PDF inclusion: found PDF version <1.7>, but at most version <1.5> allowed
<a1_written.pdf, id=35, page=2, 614.295pt x 794.97pt>
File: a1_written.pdf Graphic file (type pdf)
<use a1_written.pdf, page 2>
Package pdftex.def Info: a1_written.pdf , page2 used on input line 4.
(pdftex.def)             Requested size: 614.58406pt x 795.3441pt.
File: a1_written.pdf Graphic file (type pdf)
<use a1_written.pdf, page 2>
Package pdftex.def Info: a1_written.pdf , page2 used on input line 4.
(pdftex.def)             Requested size: 614.58406pt x 795.3441pt.
File: a1_written.pdf Graphic file (type pdf)
<use a1_written.pdf, page 2>
Package pdftex.def Info: a1_written.pdf , page2 used on input line 4.
(pdftex.def)             Requested size: 614.58406pt x 795.3441pt.
[2 <./a1_written.pdf>]

pdfTeX warning: pdflatex.exe (file ./a1_written.pdf): PDF inclusion: found PDF version <1.7>, but at most version <1.5> allowed
<a1_written.pdf, id=39, page=3, 614.295pt x 794.97pt>
File: a1_written.pdf Graphic file (type pdf)
<use a1_written.pdf, page 3>
Package pdftex.def Info: a1_written.pdf , page3 used on input line 4.
(pdftex.def)             Requested size: 614.58406pt x 795.3441pt.
File: a1_written.pdf Graphic file (type pdf)
<use a1_written.pdf, page 3>
Package pdftex.def Info: a1_written.pdf , page3 used on input line 4.
(pdftex.def)             Requested size: 614.58406pt x 795.3441pt.
File: a1_written.pdf Graphic file (type pdf)
<use a1_written.pdf, page 3>
Package pdftex.def Info: a1_written.pdf , page3 used on input line 4.
(pdftex.def)             Requested size: 614.58406pt x 795.3441pt.
[3 <./a1_written.pdf>]
<main.pdf, id=43, 614.295pt x 794.97pt>
File: main.pdf Graphic file (type pdf)
<use main.pdf>
Package pdftex.def Info: main.pdf  used on input line 5.
(pdftex.def)             Requested size: 614.29349pt x 794.96806pt.
File: main.pdf Graphic file (type pdf)
<use main.pdf>
Package pdftex.def Info: main.pdf  used on input line 5.
(pdftex.def)             Requested size: 614.29349pt x 794.96806pt.
<main.pdf, id=46, page=1, 614.295pt x 794.97pt>
File: main.pdf Graphic file (type pdf)
<use main.pdf, page 1>
Package pdftex.def Info: main.pdf , page1 used on input line 5.
(pdftex.def)             Requested size: 614.29349pt x 794.96806pt.
File: main.pdf Graphic file (type pdf)
<use main.pdf, page 1>
Package pdftex.def Info: main.pdf , page1 used on input line 5.
(pdftex.def)             Requested size: 614.58406pt x 795.3441pt.
File: main.pdf Graphic file (type pdf)
<use main.pdf, page 1>
Package pdftex.def Info: main.pdf , page1 used on input line 5.
(pdftex.def)             Requested size: 614.58406pt x 795.3441pt.
File: main.pdf Graphic file (type pdf)
<use main.pdf, page 1>
Package pdftex.def Info: main.pdf , page1 used on input line 5.
(pdftex.def)             Requested size: 614.58406pt x 795.3441pt.
File: main.pdf Graphic file (type pdf)
<use main.pdf, page 1>
Package pdftex.def Info: main.pdf , page1 used on input line 5.
(pdftex.def)             Requested size: 614.58406pt x 795.3441pt.
 [4 <./main.pdf{c:/texlive/2023/texmf-var/fonts/map/pdftex/updmap/pdftex.map}>]
<main.pdf, id=75, page=2, 614.295pt x 794.97pt>
File: main.pdf Graphic file (type pdf)
<use main.pdf, page 2>
Package pdftex.def Info: main.pdf , page2 used on input line 5.
(pdftex.def)             Requested size: 614.58406pt x 795.3441pt.
File: main.pdf Graphic file (type pdf)
<use main.pdf, page 2>
Package pdftex.def Info: main.pdf , page2 used on input line 5.
(pdftex.def)             Requested size: 614.58406pt x 795.3441pt.
File: main.pdf Graphic file (type pdf)
<use main.pdf, page 2>
Package pdftex.def Info: main.pdf , page2 used on input line 5.
(pdftex.def)             Requested size: 614.58406pt x 795.3441pt.
 [5 <./main.pdf>]
<main.pdf, id=79, page=3, 614.295pt x 794.97pt>
File: main.pdf Graphic file (type pdf)
<use main.pdf, page 3>
Package pdftex.def Info: main.pdf , page3 used on input line 5.
(pdftex.def)             Requested size: 614.58406pt x 795.3441pt.
File: main.pdf Graphic file (type pdf)
<use main.pdf, page 3>
Package pdftex.def Info: main.pdf , page3 used on input line 5.
(pdftex.def)             Requested size: 614.58406pt x 795.3441pt.
File: main.pdf Graphic file (type pdf)
<use main.pdf, page 3>
Package pdftex.def Info: main.pdf , page3 used on input line 5.
(pdftex.def)             Requested size: 614.58406pt x 795.3441pt.
 [6 <./main.pdf>]
<main.pdf, id=98, page=4, 614.295pt x 794.97pt>
File: main.pdf Graphic file (type pdf)
<use main.pdf, page 4>
Package pdftex.def Info: main.pdf , page4 used on input line 5.
(pdftex.def)             Requested size: 614.58406pt x 795.3441pt.
File: main.pdf Graphic file (type pdf)
<use main.pdf, page 4>
Package pdftex.def Info: main.pdf , page4 used on input line 5.
(pdftex.def)             Requested size: 614.58406pt x 795.3441pt.
File: main.pdf Graphic file (type pdf)
<use main.pdf, page 4>
Package pdftex.def Info: main.pdf , page4 used on input line 5.
(pdftex.def)             Requested size: 614.58406pt x 795.3441pt.
 [7 <./main.pdf>] (./a1.aux)
 ***********
LaTeX2e <2023-06-01> patch level 1
L3 programming layer <2023-08-29>
 ***********
 ) 
Here is how much of TeX's memory you used:
 2737 strings out of 476888
 43485 string characters out of 5809173
 1918785 words of memory out of 5000000
 24038 multiletter control sequences out of 15000+600000
 558069 words of font info for 36 fonts, out of 8000000 for 9000
 14 hyphenation exceptions out of 8191
 72i,17n,79p,267b,425s stack positions out of 10000i,1000n,20000p,200000b,200000s
<c:/texlive/2023/texmf-dist/fonts/type1/public/amsfonts/cm/cmbx12.pfb><c:/texlive/2023/texmf-dist/fonts/type1/public/amsfonts/cm/cmmi10.pfb><c:/texlive/2023/texmf-dist/fonts/type1/public/amsfonts/cm/cmr10.pfb><c:/texlive/2023/texmf-dist/fonts/type1/public/amsfonts/cm/cmr5.pfb><c:/texlive/2023/texmf-dist/fonts/type1/public/amsfonts/cm/cmtt8.pfb>
Output written on a1.pdf (7 pages, 2828195 bytes).
PDF statistics:
 111 PDF objects out of 1000 (max. 8388607)
 66 compressed objects within 1 object stream
 0 named destinations out of 1000 (max. 500000)
 66 words of extra memory for PDF output out of 10000 (max. 10000000)

